-------------------------------------------------------------------------------
Test set: PositiveTests
-------------------------------------------------------------------------------
Tests run: 4, Failures: 1, Errors: 0, Skipped: 0, Time elapsed: 9.286 s <<< FAILURE! - in PositiveTests
addNewPlace(PositiveTests)  Time elapsed: 0.755 s  <<< FAILURE!
java.lang.AssertionError: 
1 expectation failed.
Expected status code <201> but was <400>.

	at PositiveTests.addNewPlace(PositiveTests.java:105)

