<?xml version="1.0" encoding="UTF-8"?>
<testsuite xmlns:xsi="http://www.w3.org/2001/XMLSchema-instance" xsi:noNamespaceSchemaLocation="https://maven.apache.org/surefire/maven-surefire-plugin/xsd/surefire-test-report.xsd" name="PositiveTests" time="9.286" tests="4" errors="0" skipped="0" failures="1">
  <properties>
[...]
</properties>
  <testcase name="loginOnMestoPageAndSaveJwtToken" classname="PositiveTests" time="6.534"/>
  <testcase name="changeUserName" classname="PositiveTests" time="0.976"/>
  <testcase name="addNewPlace" classname="PositiveTests" time="0.755">
    <failure message="1 expectation failed.&#10;Expected status code &lt;201&gt; but was &lt;400&gt;.&#10;" type="java.lang.AssertionError"><![CDATA[java.lang.AssertionError: 
1 expectation failed.
Expected status code <201> but was <400>.

	at PositiveTests.addNewPlace(PositiveTests.java:105)
]]></failure>
  </testcase>
  <testcase name="addLikeOnPlace" classname="PositiveTests" time="0.759"/>
</testsuite>