<?xml version="1.0" encoding="UTF-8"?>
<testsuite xmlns:xsi="http://www.w3.org/2001/XMLSchema-instance" xsi:noNamespaceSchemaLocation="https://maven.apache.org/surefire/maven-surefire-plugin/xsd/surefire-test-report.xsd" name="ApiTests" time="11.057" tests="5" errors="0" skipped="0" failures="0">
  <properties>
[...]
</properties>
  <testcase name="loginOnMestoPageAndSaveJwtToken" classname="ApiTests" time="6.725"/>
  <testcase name="changeAvatar" classname="ApiTests" time="0.831"/>
  <testcase name="changeUserName" classname="ApiTests" time="0.86"/>
  <testcase name="addNewPlace" classname="ApiTests" time="1.679"/>
  <testcase name="addLikeOnPlace" classname="ApiTests" time="0.722"/>
</testsuite>